<?xml version="1.0" encoding="UTF-8"?>
<!-- Generated by org.testng.reporters.JUnitReportReporter -->
<testsuite skipped="0" hostname="Avenger-PC" name="com.AutomationTest.demoProject1.TestCase1" tests="3" failures="0" timestamp="21 Jun 2021 09:47:17 GMT" time="38.252" errors="0">
  <testcase name="test2" time="8.971" classname="com.AutomationTest.demoProject1.TestCase1"/>
  <testcase name="test3" time="22.419" classname="com.AutomationTest.demoProject1.TestCase1"/>
  <testcase name="test1" time="6.862" classname="com.AutomationTest.demoProject1.TestCase1"/>
</testsuite> <!-- com.AutomationTest.demoProject1.TestCase1 -->
