<?xml version="1.0" encoding="UTF-8"?>
<!-- Generated by org.testng.reporters.JUnitReportReporter -->
<testsuite skipped="0" hostname="Avenger-PC" name="com.AutomationTest.demoProject1.TestCase1" tests="3" failures="0" timestamp="2021-06-21T15:26:08 IST" time="41.503" errors="0">
  <testcase name="test3" time="23.903" classname="com.AutomationTest.demoProject1.TestCase1"/>
  <system-out/>
  <testcase name="test2" time="11.046" classname="com.AutomationTest.demoProject1.TestCase1"/>
  <system-out/>
  <testcase name="test1" time="6.554" classname="com.AutomationTest.demoProject1.TestCase1"/>
  <system-out/>
</testsuite> <!-- com.AutomationTest.demoProject1.TestCase1 -->
